<?xml version="1.0" encoding="UTF-8"?>
<testsuite xmlns:xsi="http://www.w3.org/2001/XMLSchema-instance" xsi:noNamespaceSchemaLocation="https://maven.apache.org/surefire/maven-surefire-plugin/xsd/surefire-test-report-3.0.xsd" version="3.0" name="com.example.authdemo.tdd.UserServiceTest" time="0.42" tests="4" errors="0" skipped="0" failures="0">
  <properties>
[...]
</properties>
  <testcase name="duplicateUsernameThrows" classname="com.example.authdemo.tdd.UserServiceTest" time="0.125"/>
  <testcase name="signupCreatesUser" classname="com.example.authdemo.tdd.UserServiceTest" time="0.111"/>
  <testcase name="loginScenarios" classname="com.example.authdemo.tdd.UserServiceTest" time="0.178"/>
  <testcase name="shortPasswordThrows" classname="com.example.authdemo.tdd.UserServiceTest" time="0.001"/>
</testsuite>